============================= test session starts =============================
platform win32 -- Python 3.13.13, pytest-9.0.3, pluggy-1.6.0 -- C:\Users\<utilisateur>\projects\CineSort\.venv\Scripts\python.exe
cachedir: .pytest_cache
hypothesis profile 'default'
rootdir: C:\Users\<utilisateur>\projects\CineSort
configfile: pyproject.toml
plugins: hypothesis-6.152.9, asyncio-1.3.0, base-url-2.1.0, playwright-0.8.0
asyncio: mode=Mode.STRICT, debug=False, asyncio_default_fixture_loop_scope=None, asyncio_default_test_loop_scope=function
collecting ... collected 9 items

tests/test_lotd_chain_exports.py::test_facade_endpoints_exist PASSED     [ 11%]
tests/test_lotd_chain_exports.py::test_csv_export_columns_encoding_and_escaping PASSED [ 22%]
tests/test_lotd_chain_exports.py::test_csv_no_blank_lines_between_records XFAIL [ 33%]
tests/test_lotd_chain_exports.py::test_html_report_single_file PASSED    [ 44%]
tests/test_lotd_chain_exports.py::test_nfo_dry_run_then_real_then_skip_then_overwrite PASSED [ 55%]
tests/test_lotd_chain_exports.py::test_long_path_240_chars_exports_do_not_crash PASSED [ 66%]
tests/test_lotd_chain_exports.py::test_json_export_and_negative_paths PASSED [ 77%]
tests/test_lotd_chain_exports.py::test_ui_report_download_contract XFAIL [ 88%]
tests/test_lotd_chain_exports.py::test_ui_nfo_count_contract XFAIL (...) [100%]

======================== 6 passed, 3 xfailed in 4.18s =========================
